<?xml version="1.0" encoding="UTF-8"?>
<robot generator="Robot 4.1 (Python 3.9.7 on win32)" generated="20210902 18:13:56.044" rpa="false" schemaversion="2">
<suite id="s1" name="CreateCharacters" source="E:\Cursos\QANinja\SemanaAutomacao09-2021\marvel-api\CreateCharacters.robot">
<test id="s1-t1" name="Deve cadastrar um personagem">
<kw name="Account and Set Headers">
<kw name="Create Dictionary" library="BuiltIn">
<var>&amp;{usuario}</var>
<arg>email=manzato89@gmail.com</arg>
<doc>Creates and returns a dictionary based on the given ``items``.</doc>
<msg timestamp="20210902 18:13:56.420" level="INFO">&amp;{usuario} = { email=manzato89@gmail.com }</msg>
<status status="PASS" starttime="20210902 18:13:56.420" endtime="20210902 18:13:56.420"/>
</kw>
<kw name="POST" library="RequestsLibrary">
<var>${response}</var>
<arg>http://marvel.qaninja.academy/accounts</arg>
<arg>json=${usuario}</arg>
<doc>Sends a POST request.</doc>
<msg timestamp="20210902 18:13:56.756" level="INFO">POST Request : url=http://marvel.qaninja.academy/accounts 
 path_url=/accounts 
 headers={'User-Agent': 'python-requests/2.26.0', 'Accept-Encoding': 'gzip, deflate', 'Accept': '*/*', 'Connection': 'keep-alive', 'Content-Length': '32', 'Content-Type': 'application/json'} 
 body=b'{"email": "manzato89@gmail.com"}' 
 </msg>
<msg timestamp="20210902 18:13:56.756" level="INFO">POST Response : url=http://marvel.qaninja.academy/accounts 
 status=200, reason=OK 
 headers={'Server': 'Cowboy', 'Connection': 'keep-alive', 'X-Powered-By': 'Express', 'Access-Control-Allow-Origin': '*', 'Content-Type': 'application/json; charset=utf-8', 'Content-Length': '41', 'Etag': 'W/"29-8XWaTXNX4EUYFqdblrXZjvSS8j4"', 'Date': 'Thu, 02 Sep 2021 21:13:56 GMT', 'Via': '1.1 vegur'} 
 body={"client_key":"61301cf0874ab200165f1591"} 
 </msg>
<msg timestamp="20210902 18:13:56.756" level="INFO">${response} = &lt;Response [200]&gt;</msg>
<status status="PASS" starttime="20210902 18:13:56.421" endtime="20210902 18:13:56.756"/>
</kw>
<kw name="Set Variable" library="BuiltIn">
<var>${client_key}</var>
<arg>${response.json()}[client_key]</arg>
<doc>Returns the given values which can then be assigned to a variables.</doc>
<msg timestamp="20210902 18:13:56.757" level="INFO">${client_key} = 61301cf0874ab200165f1591</msg>
<status status="PASS" starttime="20210902 18:13:56.756" endtime="20210902 18:13:56.757"/>
</kw>
<kw name="Create Dictionary" library="BuiltIn">
<var>${HEADERS}</var>
<arg>client_key=${client_key}</arg>
<doc>Creates and returns a dictionary based on the given ``items``.</doc>
<msg timestamp="20210902 18:13:56.757" level="INFO">${HEADERS} = {'client_key': '61301cf0874ab200165f1591'}</msg>
<status status="PASS" starttime="20210902 18:13:56.757" endtime="20210902 18:13:56.757"/>
</kw>
<kw name="Set Suite Variable" library="BuiltIn">
<arg>${HEADERS}</arg>
<doc>Makes a variable available everywhere within the scope of the current suite.</doc>
<msg timestamp="20210902 18:13:56.759" level="INFO">${HEADERS} = {'client_key': '61301cf0874ab200165f1591'}</msg>
<status status="PASS" starttime="20210902 18:13:56.759" endtime="20210902 18:13:56.759"/>
</kw>
<status status="PASS" starttime="20210902 18:13:56.420" endtime="20210902 18:13:56.759"/>
</kw>
<kw name="Factory Thanos" library="Thanos">
<var>&amp;{personagem}</var>
<msg timestamp="20210902 18:13:56.760" level="INFO">&amp;{personagem} = { name=Kelsey Huff | aliases=Thanos | age=3000 | team=Ordem Negra | active=False }</msg>
<status status="PASS" starttime="20210902 18:13:56.760" endtime="20210902 18:13:56.760"/>
</kw>
<kw name="POST" library="RequestsLibrary">
<var>${response}</var>
<arg>http://marvel.qaninja.academy/characters</arg>
<arg>json=${personagem}</arg>
<arg>headers=${headers}</arg>
<doc>Sends a POST request.</doc>
<msg timestamp="20210902 18:13:57.678" level="INFO">POST Request : url=http://marvel.qaninja.academy/characters 
 path_url=/characters 
 headers={'User-Agent': 'python-requests/2.26.0', 'Accept-Encoding': 'gzip, deflate', 'Accept': '*/*', 'Connection': 'keep-alive', 'client_key': '61301cf0874ab200165f1591', 'Content-Length': '97', 'Content-Type': 'application/json'} 
 body=b'{"name": "Kelsey Huff", "aliases": "Thanos", "age": 3000, "team": "Ordem Negra", "active": false}' 
 </msg>
<msg timestamp="20210902 18:13:57.678" level="INFO">POST Response : url=http://marvel.qaninja.academy/characters 
 status=200, reason=OK 
 headers={'Server': 'Cowboy', 'Connection': 'keep-alive', 'X-Powered-By': 'Express', 'Access-Control-Allow-Origin': '*', 'Content-Type': 'application/json; charset=utf-8', 'Content-Length': '156', 'Etag': 'W/"9c-GItRhCMtFMlff8fWuxcXjskil3w"', 'Date': 'Thu, 02 Sep 2021 21:13:57 GMT', 'Via': '1.1 vegur'} 
 body={"_id":"61313e952f65af00162b36d5","name":"Kelsey Huff","age":3000,"aliases":"Thanos","team":"Ordem Negra","active":false,"owner":"61301cf0874ab200165f1591"} 
 </msg>
<msg timestamp="20210902 18:13:57.678" level="INFO">${response} = &lt;Response [200]&gt;</msg>
<status status="PASS" starttime="20210902 18:13:56.761" endtime="20210902 18:13:57.678"/>
</kw>
<kw name="Status Should Be" library="RequestsLibrary">
<arg>200</arg>
<arg>${response}</arg>
<doc>Fails if response status code is different than the expected.</doc>
<status status="PASS" starttime="20210902 18:13:57.679" endtime="20210902 18:13:57.680"/>
</kw>
<status status="PASS" starttime="20210902 18:13:56.420" endtime="20210902 18:13:57.680"/>
</test>
<doc>Suite de Teste do Cadastro de personagens na API da Marvel</doc>
<status status="PASS" starttime="20210902 18:13:56.047" endtime="20210902 18:13:57.682"/>
</suite>
<statistics>
<total>
<stat pass="1" fail="0" skip="0">All Tests</stat>
</total>
<tag>
</tag>
<suite>
<stat pass="1" fail="0" skip="0" id="s1" name="CreateCharacters">CreateCharacters</stat>
</suite>
</statistics>
<errors>
</errors>
</robot>
