<?xml version="1.0" encoding="UTF-8"?>
<robot generator="Robot 4.1 (Python 3.9.7 on win32)" generated="20210906 21:05:57.216" rpa="false" schemaversion="2">
<suite id="s1" name="Specs" source="E:\Cursos\QANinja\SemanaAutomacao09-2021\marvel-api\specs">
<suite id="s1-s1" name="CreateCharacters" source="E:\Cursos\QANinja\SemanaAutomacao09-2021\marvel-api\specs\CreateCharacters.robot">
<kw name="Super Setup" library="Base" type="SETUP">
<arg>papito@yahoo.com</arg>
<kw name="Set Client Key" library="Base">
<arg>${email}</arg>
<kw name="Create Dictionary" library="BuiltIn">
<var>&amp;{usuario}</var>
<arg>email=${email}</arg>
<doc>Creates and returns a dictionary based on the given ``items``.</doc>
<msg timestamp="20210906 21:05:57.514" level="INFO">&amp;{usuario} = { email=papito@yahoo.com }</msg>
<status status="PASS" starttime="20210906 21:05:57.513" endtime="20210906 21:05:57.514"/>
</kw>
<kw name="POST" library="RequestsLibrary">
<var>${response}</var>
<arg>${API_URL}/accounts</arg>
<arg>json=${usuario}</arg>
<doc>Sends a POST request.</doc>
<msg timestamp="20210906 21:05:57.977" level="INFO">POST Request : url=http://marvel.qaninja.academy/accounts 
 path_url=/accounts 
 headers={'User-Agent': 'python-requests/2.26.0', 'Accept-Encoding': 'gzip, deflate', 'Accept': '*/*', 'Connection': 'keep-alive', 'Content-Length': '29', 'Content-Type': 'application/json'} 
 body=b'{"email": "papito@yahoo.com"}' 
 </msg>
<msg timestamp="20210906 21:05:57.977" level="INFO">POST Response : url=http://marvel.qaninja.academy/accounts 
 status=200, reason=OK 
 headers={'Server': 'Cowboy', 'Connection': 'keep-alive', 'X-Powered-By': 'Express', 'Access-Control-Allow-Origin': '*', 'Content-Type': 'application/json; charset=utf-8', 'Content-Length': '41', 'Etag': 'W/"29-WIm+qvPTjcCVbrSQ1N5LTqheAEw"', 'Date': 'Tue, 07 Sep 2021 00:05:58 GMT', 'Via': '1.1 vegur'} 
 body={"client_key":"61301752874ab200165f1301"} 
 </msg>
<msg timestamp="20210906 21:05:57.977" level="INFO">${response} = &lt;Response [200]&gt;</msg>
<status status="PASS" starttime="20210906 21:05:57.630" endtime="20210906 21:05:57.977"/>
</kw>
<kw name="Set Variable" library="BuiltIn">
<var>${client_key}</var>
<arg>${response.json()}[client_key]</arg>
<doc>Returns the given values which can then be assigned to a variables.</doc>
<msg timestamp="20210906 21:05:57.979" level="INFO">${client_key} = 61301752874ab200165f1301</msg>
<status status="PASS" starttime="20210906 21:05:57.978" endtime="20210906 21:05:57.979"/>
</kw>
<kw name="Create Dictionary" library="BuiltIn">
<var>&amp;{HEADERS}</var>
<arg>client_key=${client_key}</arg>
<doc>Creates and returns a dictionary based on the given ``items``.</doc>
<msg timestamp="20210906 21:05:57.982" level="INFO">&amp;{HEADERS} = { client_key=61301752874ab200165f1301 }</msg>
<status status="PASS" starttime="20210906 21:05:57.981" endtime="20210906 21:05:57.982"/>
</kw>
<kw name="Set Suite Variable" library="BuiltIn">
<arg>${HEADERS}</arg>
<doc>Makes a variable available everywhere within the scope of the current suite.</doc>
<msg timestamp="20210906 21:05:57.985" level="INFO">${HEADERS} = {'client_key': '61301752874ab200165f1301'}</msg>
<status status="PASS" starttime="20210906 21:05:57.984" endtime="20210906 21:05:57.985"/>
</kw>
<status status="PASS" starttime="20210906 21:05:57.513" endtime="20210906 21:05:57.988"/>
</kw>
<kw name="Back To The Past" library="Base">
<kw name="DELETE" library="RequestsLibrary">
<arg>${API_URL}/delorean</arg>
<arg>headers=${HEADERS}</arg>
<doc>Sends a DELETE request.</doc>
<msg timestamp="20210906 21:05:58.299" level="INFO">DELETE Request : url=http://marvel.qaninja.academy/delorean 
 path_url=/delorean 
 headers={'User-Agent': 'python-requests/2.26.0', 'Accept-Encoding': 'gzip, deflate', 'Accept': '*/*', 'Connection': 'keep-alive', 'client_key': '61301752874ab200165f1301', 'Content-Length': '0'} 
 body=None 
 </msg>
<msg timestamp="20210906 21:05:58.299" level="INFO">DELETE Response : url=http://marvel.qaninja.academy/delorean 
 status=200, reason=OK 
 headers={'Server': 'Cowboy', 'Connection': 'keep-alive', 'X-Powered-By': 'Express', 'Access-Control-Allow-Origin': '*', 'Content-Type': 'application/json; charset=utf-8', 'Content-Length': '31', 'Etag': 'W/"1f-ImqlboUfbv1n1FbEV48J/4RvhGg"', 'Date': 'Tue, 07 Sep 2021 00:05:58 GMT', 'Via': '1.1 vegur'} 
 body={"message":"Avengers Assemble"} 
 </msg>
<status status="PASS" starttime="20210906 21:05:57.990" endtime="20210906 21:05:58.299"/>
</kw>
<status status="PASS" starttime="20210906 21:05:57.989" endtime="20210906 21:05:58.301"/>
</kw>
<status status="PASS" starttime="20210906 21:05:57.512" endtime="20210906 21:05:58.302"/>
</kw>
<test id="s1-s1-t1" name="Deve cadastrar um personagem">
<kw name="Factory Star Lord" library="Guardians">
<var>${personagem}</var>
<msg timestamp="20210906 21:05:58.304" level="INFO">${personagem} = {'name': 'Peter Quill', 'aliases': 'Star Lord', 'age': 30, 'team': 'Guardians of the Galaxy', 'active': True}</msg>
<status status="PASS" starttime="20210906 21:05:58.304" endtime="20210906 21:05:58.304"/>
</kw>
<kw name="POST New Character" library="Characters">
<var>${response}</var>
<arg>${personagem}</arg>
<kw name="POST" library="RequestsLibrary">
<var>${response}</var>
<arg>${API_URL}/characters</arg>
<arg>json=${payload}</arg>
<arg>headers=${HEADERS}</arg>
<arg>expected_status=any</arg>
<doc>Sends a POST request.</doc>
<msg timestamp="20210906 21:05:58.621" level="INFO">POST Request : url=http://marvel.qaninja.academy/characters 
 path_url=/characters 
 headers={'User-Agent': 'python-requests/2.26.0', 'Accept-Encoding': 'gzip, deflate', 'Accept': '*/*', 'Connection': 'keep-alive', 'client_key': '61301752874ab200165f1301', 'Content-Length': '109', 'Content-Type': 'application/json'} 
 body=b'{"name": "Peter Quill", "aliases": "Star Lord", "age": 30, "team": "Guardians of the Galaxy", "active": true}' 
 </msg>
<msg timestamp="20210906 21:05:58.621" level="INFO">POST Response : url=http://marvel.qaninja.academy/characters 
 status=200, reason=OK 
 headers={'Server': 'Cowboy', 'Connection': 'keep-alive', 'X-Powered-By': 'Express', 'Access-Control-Allow-Origin': '*', 'Content-Type': 'application/json; charset=utf-8', 'Content-Length': '168', 'Etag': 'W/"a8-2rtAzfzqx/TfbCxorU4f2VJ7q2k"', 'Date': 'Tue, 07 Sep 2021 00:05:58 GMT', 'Via': '1.1 vegur'} 
 body={"_id":"6136ace6ee284200167b3716","name":"Peter Quill","age":30,"aliases":"Star Lord","team":"Guardians of the Galaxy","active":true,"owner":"61301752874ab200165f1301"} 
 </msg>
<msg timestamp="20210906 21:05:58.621" level="INFO">${response} = &lt;Response [200]&gt;</msg>
<status status="PASS" starttime="20210906 21:05:58.307" endtime="20210906 21:05:58.621"/>
</kw>
<msg timestamp="20210906 21:05:58.671" level="INFO">${response} = &lt;Response [200]&gt;</msg>
<status status="PASS" starttime="20210906 21:05:58.306" endtime="20210906 21:05:58.671"/>
</kw>
<kw name="Status Should Be" library="RequestsLibrary">
<arg>200</arg>
<arg>${response}</arg>
<doc>Fails if response status code is different than the expected.</doc>
<status status="PASS" starttime="20210906 21:05:58.673" endtime="20210906 21:05:58.674"/>
</kw>
<status status="PASS" starttime="20210906 21:05:58.302" endtime="20210906 21:05:58.675"/>
</test>
<test id="s1-s1-t2" name="Não deve cadastrar com o mesmo nome">
<kw name="Factory Groot" library="Guardians">
<var>${personagem}</var>
<msg timestamp="20210906 21:05:58.680" level="INFO">${personagem} = {'name': 'Groot', 'aliases': 'Groot', 'age': 300, 'team': 'Guardians of the Galaxy', 'active': True}</msg>
<status status="PASS" starttime="20210906 21:05:58.680" endtime="20210906 21:05:58.680"/>
</kw>
<kw name="POST New Character" library="Characters">
<arg>${personagem}</arg>
<kw name="POST" library="RequestsLibrary">
<var>${response}</var>
<arg>${API_URL}/characters</arg>
<arg>json=${payload}</arg>
<arg>headers=${HEADERS}</arg>
<arg>expected_status=any</arg>
<doc>Sends a POST request.</doc>
<msg timestamp="20210906 21:05:58.992" level="INFO">POST Request : url=http://marvel.qaninja.academy/characters 
 path_url=/characters 
 headers={'User-Agent': 'python-requests/2.26.0', 'Accept-Encoding': 'gzip, deflate', 'Accept': '*/*', 'Connection': 'keep-alive', 'client_key': '61301752874ab200165f1301', 'Content-Length': '100', 'Content-Type': 'application/json'} 
 body=b'{"name": "Groot", "aliases": "Groot", "age": 300, "team": "Guardians of the Galaxy", "active": true}' 
 </msg>
<msg timestamp="20210906 21:05:58.992" level="INFO">POST Response : url=http://marvel.qaninja.academy/characters 
 status=200, reason=OK 
 headers={'Server': 'Cowboy', 'Connection': 'keep-alive', 'X-Powered-By': 'Express', 'Access-Control-Allow-Origin': '*', 'Content-Type': 'application/json; charset=utf-8', 'Content-Length': '159', 'Etag': 'W/"9f-1I0n2xKh16GXjZUHToUOr4G2udQ"', 'Date': 'Tue, 07 Sep 2021 00:05:59 GMT', 'Via': '1.1 vegur'} 
 body={"_id":"6136ace7ee284200167b371a","name":"Groot","age":300,"aliases":"Groot","team":"Guardians of the Galaxy","active":true,"owner":"61301752874ab200165f1301"} 
 </msg>
<msg timestamp="20210906 21:05:58.992" level="INFO">${response} = &lt;Response [200]&gt;</msg>
<status status="PASS" starttime="20210906 21:05:58.682" endtime="20210906 21:05:58.992"/>
</kw>
<status status="PASS" starttime="20210906 21:05:58.682" endtime="20210906 21:05:59.063"/>
</kw>
<kw name="POST New Character" library="Characters">
<var>${response}</var>
<arg>${personagem}</arg>
<kw name="POST" library="RequestsLibrary">
<var>${response}</var>
<arg>${API_URL}/characters</arg>
<arg>json=${payload}</arg>
<arg>headers=${HEADERS}</arg>
<arg>expected_status=any</arg>
<doc>Sends a POST request.</doc>
<msg timestamp="20210906 21:05:59.385" level="INFO">POST Request : url=http://marvel.qaninja.academy/characters 
 path_url=/characters 
 headers={'User-Agent': 'python-requests/2.26.0', 'Accept-Encoding': 'gzip, deflate', 'Accept': '*/*', 'Connection': 'keep-alive', 'client_key': '61301752874ab200165f1301', 'Content-Length': '100', 'Content-Type': 'application/json'} 
 body=b'{"name": "Groot", "aliases": "Groot", "age": 300, "team": "Guardians of the Galaxy", "active": true}' 
 </msg>
<msg timestamp="20210906 21:05:59.385" level="INFO">POST Response : url=http://marvel.qaninja.academy/characters 
 status=409, reason=Conflict 
 headers={'Server': 'Cowboy', 'Connection': 'keep-alive', 'X-Powered-By': 'Express', 'Access-Control-Allow-Origin': '*', 'Content-Type': 'application/json; charset=utf-8', 'Content-Length': '39', 'Etag': 'W/"27-u8CjYCAAYHK/l+EQR0JyKi0LQGU"', 'Date': 'Tue, 07 Sep 2021 00:05:59 GMT', 'Via': '1.1 vegur'} 
 body={"error":"Character already exists :("} 
 </msg>
<msg timestamp="20210906 21:05:59.385" level="INFO">${response} = &lt;Response [409]&gt;</msg>
<status status="PASS" starttime="20210906 21:05:59.065" endtime="20210906 21:05:59.386"/>
</kw>
<msg timestamp="20210906 21:05:59.388" level="INFO">${response} = &lt;Response [409]&gt;</msg>
<status status="PASS" starttime="20210906 21:05:59.064" endtime="20210906 21:05:59.388"/>
</kw>
<kw name="Status Should Be" library="RequestsLibrary">
<arg>409</arg>
<arg>${response}</arg>
<doc>Fails if response status code is different than the expected.</doc>
<status status="PASS" starttime="20210906 21:05:59.391" endtime="20210906 21:05:59.391"/>
</kw>
<kw name="Should Be Equal" library="BuiltIn">
<arg>${response.json()}[error]</arg>
<arg>Character already exists :(</arg>
<doc>Fails if the given objects are unequal.</doc>
<status status="PASS" starttime="20210906 21:05:59.392" endtime="20210906 21:05:59.393"/>
</kw>
<tag>dup</tag>
<status status="PASS" starttime="20210906 21:05:58.679" endtime="20210906 21:05:59.394"/>
</test>
<doc>Suite de Teste do cadastro de personagens na API da Marvel</doc>
<status status="PASS" starttime="20210906 21:05:57.358" endtime="20210906 21:05:59.399"/>
</suite>
<suite id="s1-s2" name="RemoveCharacters" source="E:\Cursos\QANinja\SemanaAutomacao09-2021\marvel-api\specs\RemoveCharacters.robot">
<kw name="Super Setup" library="Base" type="SETUP">
<arg>papito@hotmail.com</arg>
<kw name="Set Client Key" library="Base">
<arg>${email}</arg>
<kw name="Create Dictionary" library="BuiltIn">
<var>&amp;{usuario}</var>
<arg>email=${email}</arg>
<doc>Creates and returns a dictionary based on the given ``items``.</doc>
<msg timestamp="20210906 21:05:59.433" level="INFO">&amp;{usuario} = { email=papito@hotmail.com }</msg>
<status status="PASS" starttime="20210906 21:05:59.432" endtime="20210906 21:05:59.433"/>
</kw>
<kw name="POST" library="RequestsLibrary">
<var>${response}</var>
<arg>${API_URL}/accounts</arg>
<arg>json=${usuario}</arg>
<doc>Sends a POST request.</doc>
<msg timestamp="20210906 21:05:59.834" level="INFO">POST Request : url=http://marvel.qaninja.academy/accounts 
 path_url=/accounts 
 headers={'User-Agent': 'python-requests/2.26.0', 'Accept-Encoding': 'gzip, deflate', 'Accept': '*/*', 'Connection': 'keep-alive', 'Content-Length': '31', 'Content-Type': 'application/json'} 
 body=b'{"email": "papito@hotmail.com"}' 
 </msg>
<msg timestamp="20210906 21:05:59.834" level="INFO">POST Response : url=http://marvel.qaninja.academy/accounts 
 status=200, reason=OK 
 headers={'Server': 'Cowboy', 'Connection': 'keep-alive', 'X-Powered-By': 'Express', 'Access-Control-Allow-Origin': '*', 'Content-Type': 'application/json; charset=utf-8', 'Content-Length': '41', 'Etag': 'W/"29-/uXj14XsM9lUMtljKmeUMp+vyPk"', 'Date': 'Tue, 07 Sep 2021 00:05:59 GMT', 'Via': '1.1 vegur'} 
 body={"client_key":"6132b8966af31f00169d3e34"} 
 </msg>
<msg timestamp="20210906 21:05:59.835" level="INFO">${response} = &lt;Response [200]&gt;</msg>
<status status="PASS" starttime="20210906 21:05:59.437" endtime="20210906 21:05:59.835"/>
</kw>
<kw name="Set Variable" library="BuiltIn">
<var>${client_key}</var>
<arg>${response.json()}[client_key]</arg>
<doc>Returns the given values which can then be assigned to a variables.</doc>
<msg timestamp="20210906 21:05:59.839" level="INFO">${client_key} = 6132b8966af31f00169d3e34</msg>
<status status="PASS" starttime="20210906 21:05:59.837" endtime="20210906 21:05:59.839"/>
</kw>
<kw name="Create Dictionary" library="BuiltIn">
<var>&amp;{HEADERS}</var>
<arg>client_key=${client_key}</arg>
<doc>Creates and returns a dictionary based on the given ``items``.</doc>
<msg timestamp="20210906 21:05:59.841" level="INFO">&amp;{HEADERS} = { client_key=6132b8966af31f00169d3e34 }</msg>
<status status="PASS" starttime="20210906 21:05:59.840" endtime="20210906 21:05:59.841"/>
</kw>
<kw name="Set Suite Variable" library="BuiltIn">
<arg>${HEADERS}</arg>
<doc>Makes a variable available everywhere within the scope of the current suite.</doc>
<msg timestamp="20210906 21:05:59.843" level="INFO">${HEADERS} = {'client_key': '6132b8966af31f00169d3e34'}</msg>
<status status="PASS" starttime="20210906 21:05:59.843" endtime="20210906 21:05:59.843"/>
</kw>
<status status="PASS" starttime="20210906 21:05:59.431" endtime="20210906 21:05:59.845"/>
</kw>
<kw name="Back To The Past" library="Base">
<kw name="DELETE" library="RequestsLibrary">
<arg>${API_URL}/delorean</arg>
<arg>headers=${HEADERS}</arg>
<doc>Sends a DELETE request.</doc>
<msg timestamp="20210906 21:06:00.149" level="INFO">DELETE Request : url=http://marvel.qaninja.academy/delorean 
 path_url=/delorean 
 headers={'User-Agent': 'python-requests/2.26.0', 'Accept-Encoding': 'gzip, deflate', 'Accept': '*/*', 'Connection': 'keep-alive', 'client_key': '6132b8966af31f00169d3e34', 'Content-Length': '0'} 
 body=None 
 </msg>
<msg timestamp="20210906 21:06:00.149" level="INFO">DELETE Response : url=http://marvel.qaninja.academy/delorean 
 status=200, reason=OK 
 headers={'Server': 'Cowboy', 'Connection': 'keep-alive', 'X-Powered-By': 'Express', 'Access-Control-Allow-Origin': '*', 'Content-Type': 'application/json; charset=utf-8', 'Content-Length': '31', 'Etag': 'W/"1f-ImqlboUfbv1n1FbEV48J/4RvhGg"', 'Date': 'Tue, 07 Sep 2021 00:06:00 GMT', 'Via': '1.1 vegur'} 
 body={"message":"Avengers Assemble"} 
 </msg>
<status status="PASS" starttime="20210906 21:05:59.846" endtime="20210906 21:06:00.150"/>
</kw>
<status status="PASS" starttime="20210906 21:05:59.846" endtime="20210906 21:06:00.181"/>
</kw>
<status status="PASS" starttime="20210906 21:05:59.431" endtime="20210906 21:06:00.182"/>
</kw>
<test id="s1-s2-t1" name="Deve remover um personagem pelo Id">
<kw name="Factory Ciclope" library="Xmen">
<var>${personagem}</var>
<msg timestamp="20210906 21:06:00.183" level="INFO">${personagem} = {'name': 'Ciclope', 'aliases': 'Ciclope', 'age': 25, 'team': 'X-men', 'active': True}</msg>
<status status="PASS" starttime="20210906 21:06:00.183" endtime="20210906 21:06:00.183"/>
</kw>
<kw name="POST New Character" library="Characters">
<var>${ciclope}</var>
<arg>${personagem}</arg>
<kw name="POST" library="RequestsLibrary">
<var>${response}</var>
<arg>${API_URL}/characters</arg>
<arg>json=${payload}</arg>
<arg>headers=${HEADERS}</arg>
<arg>expected_status=any</arg>
<doc>Sends a POST request.</doc>
<msg timestamp="20210906 21:06:00.502" level="INFO">POST Request : url=http://marvel.qaninja.academy/characters 
 path_url=/characters 
 headers={'User-Agent': 'python-requests/2.26.0', 'Accept-Encoding': 'gzip, deflate', 'Accept': '*/*', 'Connection': 'keep-alive', 'client_key': '6132b8966af31f00169d3e34', 'Content-Length': '85', 'Content-Type': 'application/json'} 
 body=b'{"name": "Ciclope", "aliases": "Ciclope", "age": 25, "team": "X-men", "active": true}' 
 </msg>
<msg timestamp="20210906 21:06:00.502" level="INFO">POST Response : url=http://marvel.qaninja.academy/characters 
 status=200, reason=OK 
 headers={'Server': 'Cowboy', 'Connection': 'keep-alive', 'X-Powered-By': 'Express', 'Access-Control-Allow-Origin': '*', 'Content-Type': 'application/json; charset=utf-8', 'Content-Length': '144', 'Etag': 'W/"90-F+FMRmM7E+/wik1tGeaeHPFDcDc"', 'Date': 'Tue, 07 Sep 2021 00:06:00 GMT', 'Via': '1.1 vegur'} 
 body={"_id":"6136ace8ee284200167b3723","name":"Ciclope","age":25,"aliases":"Ciclope","team":"X-men","active":true,"owner":"6132b8966af31f00169d3e34"} 
 </msg>
<msg timestamp="20210906 21:06:00.503" level="INFO">${response} = &lt;Response [200]&gt;</msg>
<status status="PASS" starttime="20210906 21:06:00.187" endtime="20210906 21:06:00.503"/>
</kw>
<msg timestamp="20210906 21:06:00.556" level="INFO">${ciclope} = &lt;Response [200]&gt;</msg>
<status status="PASS" starttime="20210906 21:06:00.185" endtime="20210906 21:06:00.556"/>
</kw>
<kw name="Set Variable" library="BuiltIn">
<var>${ciclope_id}</var>
<arg>${ciclope.json()}[_id]</arg>
<doc>Returns the given values which can then be assigned to a variables.</doc>
<msg timestamp="20210906 21:06:00.561" level="INFO">${ciclope_id} = 6136ace8ee284200167b3723</msg>
<status status="PASS" starttime="20210906 21:06:00.560" endtime="20210906 21:06:00.561"/>
</kw>
<kw name="DELETE Character By Id" library="Characters">
<var>${response}</var>
<arg>${ciclope_id}</arg>
<kw name="DELETE" library="RequestsLibrary">
<var>${response}</var>
<arg>${API_URL}/characters/${character_id}</arg>
<arg>headers=${HEADERS}</arg>
<arg>expected_status=any</arg>
<doc>Sends a DELETE request.</doc>
<msg timestamp="20210906 21:06:00.877" level="INFO">DELETE Request : url=http://marvel.qaninja.academy/characters/6136ace8ee284200167b3723 
 path_url=/characters/6136ace8ee284200167b3723 
 headers={'User-Agent': 'python-requests/2.26.0', 'Accept-Encoding': 'gzip, deflate', 'Accept': '*/*', 'Connection': 'keep-alive', 'client_key': '6132b8966af31f00169d3e34', 'Content-Length': '0'} 
 body=None 
 </msg>
<msg timestamp="20210906 21:06:00.877" level="INFO">DELETE Response : url=http://marvel.qaninja.academy/characters/6136ace8ee284200167b3723 
 status=204, reason=No Content 
 headers={'Server': 'Cowboy', 'Content-Length': '0', 'Connection': 'keep-alive', 'X-Powered-By': 'Express', 'Access-Control-Allow-Origin': '*', 'Date': 'Tue, 07 Sep 2021 00:06:01 GMT', 'Via': '1.1 vegur'} 
 body=None 
 </msg>
<msg timestamp="20210906 21:06:00.878" level="INFO">${response} = &lt;Response [204]&gt;</msg>
<status status="PASS" starttime="20210906 21:06:00.564" endtime="20210906 21:06:00.878"/>
</kw>
<msg timestamp="20210906 21:06:00.879" level="INFO">${response} = &lt;Response [204]&gt;</msg>
<status status="PASS" starttime="20210906 21:06:00.563" endtime="20210906 21:06:00.879"/>
</kw>
<kw name="Status Should Be" library="RequestsLibrary">
<arg>204</arg>
<arg>${response}</arg>
<doc>Fails if response status code is different than the expected.</doc>
<status status="PASS" starttime="20210906 21:06:00.881" endtime="20210906 21:06:00.882"/>
</kw>
<kw name="GET Character By Id" library="Characters">
<var>${response2}</var>
<arg>${ciclope_id}</arg>
<kw name="GET" library="RequestsLibrary">
<var>${response}</var>
<arg>${API_URL}/characters/${character_id}</arg>
<arg>headers=${HEADERS}</arg>
<arg>expected_status=any</arg>
<doc>Sends a GET request.</doc>
<msg timestamp="20210906 21:06:01.188" level="INFO">GET Request : url=http://marvel.qaninja.academy/characters/6136ace8ee284200167b3723 
 path_url=/characters/6136ace8ee284200167b3723 
 headers={'User-Agent': 'python-requests/2.26.0', 'Accept-Encoding': 'gzip, deflate', 'Accept': '*/*', 'Connection': 'keep-alive', 'client_key': '6132b8966af31f00169d3e34'} 
 body=None 
 </msg>
<msg timestamp="20210906 21:06:01.188" level="INFO">GET Response : url=http://marvel.qaninja.academy/characters/6136ace8ee284200167b3723 
 status=404, reason=Not Found 
 headers={'Server': 'Cowboy', 'Connection': 'keep-alive', 'X-Powered-By': 'Express', 'Access-Control-Allow-Origin': '*', 'Date': 'Tue, 07 Sep 2021 00:06:01 GMT', 'Content-Length': '0', 'Via': '1.1 vegur'} 
 body=None 
 </msg>
<msg timestamp="20210906 21:06:01.188" level="INFO">${response} = &lt;Response [404]&gt;</msg>
<status status="PASS" starttime="20210906 21:06:00.883" endtime="20210906 21:06:01.188"/>
</kw>
<msg timestamp="20210906 21:06:01.191" level="INFO">${response2} = &lt;Response [404]&gt;</msg>
<status status="PASS" starttime="20210906 21:06:00.883" endtime="20210906 21:06:01.191"/>
</kw>
<kw name="Status Should Be" library="RequestsLibrary">
<arg>404</arg>
<arg>${response2}</arg>
<doc>Fails if response status code is different than the expected.</doc>
<status status="PASS" starttime="20210906 21:06:01.193" endtime="20210906 21:06:01.194"/>
</kw>
<status status="PASS" starttime="20210906 21:06:00.183" endtime="20210906 21:06:01.195"/>
</test>
<test id="s1-s2-t2" name="Personagem não encontrado">
<kw name="Get Unique Id" library="Helpers">
<var>${personagem_id}</var>
<msg timestamp="20210906 21:06:01.202" level="INFO">${personagem_id} = 6136ace9ff74ca34d0f5fb82</msg>
<status status="PASS" starttime="20210906 21:06:01.201" endtime="20210906 21:06:01.202"/>
</kw>
<kw name="DELETE Character By Id" library="Characters">
<var>${response}</var>
<arg>${personagem_id}</arg>
<kw name="DELETE" library="RequestsLibrary">
<var>${response}</var>
<arg>${API_URL}/characters/${character_id}</arg>
<arg>headers=${HEADERS}</arg>
<arg>expected_status=any</arg>
<doc>Sends a DELETE request.</doc>
<msg timestamp="20210906 21:06:01.507" level="INFO">DELETE Request : url=http://marvel.qaninja.academy/characters/6136ace9ff74ca34d0f5fb82 
 path_url=/characters/6136ace9ff74ca34d0f5fb82 
 headers={'User-Agent': 'python-requests/2.26.0', 'Accept-Encoding': 'gzip, deflate', 'Accept': '*/*', 'Connection': 'keep-alive', 'client_key': '6132b8966af31f00169d3e34', 'Content-Length': '0'} 
 body=None 
 </msg>
<msg timestamp="20210906 21:06:01.508" level="INFO">DELETE Response : url=http://marvel.qaninja.academy/characters/6136ace9ff74ca34d0f5fb82 
 status=404, reason=Not Found 
 headers={'Server': 'Cowboy', 'Connection': 'keep-alive', 'X-Powered-By': 'Express', 'Access-Control-Allow-Origin': '*', 'Date': 'Tue, 07 Sep 2021 00:06:01 GMT', 'Content-Length': '0', 'Via': '1.1 vegur'} 
 body=None 
 </msg>
<msg timestamp="20210906 21:06:01.508" level="INFO">${response} = &lt;Response [404]&gt;</msg>
<status status="PASS" starttime="20210906 21:06:01.205" endtime="20210906 21:06:01.508"/>
</kw>
<msg timestamp="20210906 21:06:01.509" level="INFO">${response} = &lt;Response [404]&gt;</msg>
<status status="PASS" starttime="20210906 21:06:01.204" endtime="20210906 21:06:01.509"/>
</kw>
<kw name="Status Should Be" library="RequestsLibrary">
<arg>404</arg>
<arg>${response}</arg>
<doc>Fails if response status code is different than the expected.</doc>
<status status="PASS" starttime="20210906 21:06:01.511" endtime="20210906 21:06:01.512"/>
</kw>
<status status="PASS" starttime="20210906 21:06:01.200" endtime="20210906 21:06:01.512"/>
</test>
<doc>Suite de Teste de exclusão de personagens na API da Marvel</doc>
<status status="PASS" starttime="20210906 21:05:59.412" endtime="20210906 21:06:01.517"/>
</suite>
<suite id="s1-s3" name="SearchCharacters" source="E:\Cursos\QANinja\SemanaAutomacao09-2021\marvel-api\specs\SearchCharacters.robot">
<kw name="Super Setup" library="Base" type="SETUP">
<arg>papito@msn.com</arg>
<kw name="Set Client Key" library="Base">
<arg>${email}</arg>
<kw name="Create Dictionary" library="BuiltIn">
<var>&amp;{usuario}</var>
<arg>email=${email}</arg>
<doc>Creates and returns a dictionary based on the given ``items``.</doc>
<msg timestamp="20210906 21:06:01.591" level="INFO">&amp;{usuario} = { email=papito@msn.com }</msg>
<status status="PASS" starttime="20210906 21:06:01.590" endtime="20210906 21:06:01.591"/>
</kw>
<kw name="POST" library="RequestsLibrary">
<var>${response}</var>
<arg>${API_URL}/accounts</arg>
<arg>json=${usuario}</arg>
<doc>Sends a POST request.</doc>
<msg timestamp="20210906 21:06:01.900" level="INFO">POST Request : url=http://marvel.qaninja.academy/accounts 
 path_url=/accounts 
 headers={'User-Agent': 'python-requests/2.26.0', 'Accept-Encoding': 'gzip, deflate', 'Accept': '*/*', 'Connection': 'keep-alive', 'Content-Length': '27', 'Content-Type': 'application/json'} 
 body=b'{"email": "papito@msn.com"}' 
 </msg>
<msg timestamp="20210906 21:06:01.900" level="INFO">POST Response : url=http://marvel.qaninja.academy/accounts 
 status=200, reason=OK 
 headers={'Server': 'Cowboy', 'Connection': 'keep-alive', 'X-Powered-By': 'Express', 'Access-Control-Allow-Origin': '*', 'Content-Type': 'application/json; charset=utf-8', 'Content-Length': '41', 'Etag': 'W/"29-GKKn+efGDLlpE6tmLjS5ESo8HJM"', 'Date': 'Tue, 07 Sep 2021 00:06:02 GMT', 'Via': '1.1 vegur'} 
 body={"client_key":"612fc0d127a9d447546776e4"} 
 </msg>
<msg timestamp="20210906 21:06:01.901" level="INFO">${response} = &lt;Response [200]&gt;</msg>
<status status="PASS" starttime="20210906 21:06:01.593" endtime="20210906 21:06:01.901"/>
</kw>
<kw name="Set Variable" library="BuiltIn">
<var>${client_key}</var>
<arg>${response.json()}[client_key]</arg>
<doc>Returns the given values which can then be assigned to a variables.</doc>
<msg timestamp="20210906 21:06:01.904" level="INFO">${client_key} = 612fc0d127a9d447546776e4</msg>
<status status="PASS" starttime="20210906 21:06:01.903" endtime="20210906 21:06:01.904"/>
</kw>
<kw name="Create Dictionary" library="BuiltIn">
<var>&amp;{HEADERS}</var>
<arg>client_key=${client_key}</arg>
<doc>Creates and returns a dictionary based on the given ``items``.</doc>
<msg timestamp="20210906 21:06:01.906" level="INFO">&amp;{HEADERS} = { client_key=612fc0d127a9d447546776e4 }</msg>
<status status="PASS" starttime="20210906 21:06:01.905" endtime="20210906 21:06:01.906"/>
</kw>
<kw name="Set Suite Variable" library="BuiltIn">
<arg>${HEADERS}</arg>
<doc>Makes a variable available everywhere within the scope of the current suite.</doc>
<msg timestamp="20210906 21:06:01.908" level="INFO">${HEADERS} = {'client_key': '612fc0d127a9d447546776e4'}</msg>
<status status="PASS" starttime="20210906 21:06:01.908" endtime="20210906 21:06:01.908"/>
</kw>
<status status="PASS" starttime="20210906 21:06:01.590" endtime="20210906 21:06:01.910"/>
</kw>
<kw name="Back To The Past" library="Base">
<kw name="DELETE" library="RequestsLibrary">
<arg>${API_URL}/delorean</arg>
<arg>headers=${HEADERS}</arg>
<doc>Sends a DELETE request.</doc>
<msg timestamp="20210906 21:06:02.222" level="INFO">DELETE Request : url=http://marvel.qaninja.academy/delorean 
 path_url=/delorean 
 headers={'User-Agent': 'python-requests/2.26.0', 'Accept-Encoding': 'gzip, deflate', 'Accept': '*/*', 'Connection': 'keep-alive', 'client_key': '612fc0d127a9d447546776e4', 'Content-Length': '0'} 
 body=None 
 </msg>
<msg timestamp="20210906 21:06:02.222" level="INFO">DELETE Response : url=http://marvel.qaninja.academy/delorean 
 status=200, reason=OK 
 headers={'Server': 'Cowboy', 'Connection': 'keep-alive', 'X-Powered-By': 'Express', 'Access-Control-Allow-Origin': '*', 'Content-Type': 'application/json; charset=utf-8', 'Content-Length': '31', 'Etag': 'W/"1f-ImqlboUfbv1n1FbEV48J/4RvhGg"', 'Date': 'Tue, 07 Sep 2021 00:06:02 GMT', 'Via': '1.1 vegur'} 
 body={"message":"Avengers Assemble"} 
 </msg>
<status status="PASS" starttime="20210906 21:06:01.912" endtime="20210906 21:06:02.222"/>
</kw>
<status status="PASS" starttime="20210906 21:06:01.911" endtime="20210906 21:06:02.224"/>
</kw>
<status status="PASS" starttime="20210906 21:06:01.590" endtime="20210906 21:06:02.224"/>
</kw>
<test id="s1-s3-t1" name="Deve buscar um personagem pelo Id">
<kw name="Factory Logan" library="Xmen">
<var>${personagem}</var>
<msg timestamp="20210906 21:06:02.225" level="INFO">${personagem} = {'name': 'Logan', 'aliases': 'Wolverine', 'age': 100, 'team': 'X-men', 'active': True}</msg>
<status status="PASS" starttime="20210906 21:06:02.225" endtime="20210906 21:06:02.225"/>
</kw>
<kw name="POST New Character" library="Characters">
<var>${logan}</var>
<arg>${personagem}</arg>
<kw name="POST" library="RequestsLibrary">
<var>${response}</var>
<arg>${API_URL}/characters</arg>
<arg>json=${payload}</arg>
<arg>headers=${HEADERS}</arg>
<arg>expected_status=any</arg>
<doc>Sends a POST request.</doc>
<msg timestamp="20210906 21:06:02.548" level="INFO">POST Request : url=http://marvel.qaninja.academy/characters 
 path_url=/characters 
 headers={'User-Agent': 'python-requests/2.26.0', 'Accept-Encoding': 'gzip, deflate', 'Accept': '*/*', 'Connection': 'keep-alive', 'client_key': '612fc0d127a9d447546776e4', 'Content-Length': '86', 'Content-Type': 'application/json'} 
 body=b'{"name": "Logan", "aliases": "Wolverine", "age": 100, "team": "X-men", "active": true}' 
 </msg>
<msg timestamp="20210906 21:06:02.548" level="INFO">POST Response : url=http://marvel.qaninja.academy/characters 
 status=200, reason=OK 
 headers={'Server': 'Cowboy', 'Connection': 'keep-alive', 'X-Powered-By': 'Express', 'Access-Control-Allow-Origin': '*', 'Content-Type': 'application/json; charset=utf-8', 'Content-Length': '145', 'Etag': 'W/"91-/0ePuTMmAyLasIOx2jwju3lZOrE"', 'Date': 'Tue, 07 Sep 2021 00:06:02 GMT', 'Via': '1.1 vegur'} 
 body={"_id":"6136aceaee284200167b3731","name":"Logan","age":100,"aliases":"Wolverine","team":"X-men","active":true,"owner":"612fc0d127a9d447546776e4"} 
 </msg>
<msg timestamp="20210906 21:06:02.548" level="INFO">${response} = &lt;Response [200]&gt;</msg>
<status status="PASS" starttime="20210906 21:06:02.230" endtime="20210906 21:06:02.549"/>
</kw>
<msg timestamp="20210906 21:06:02.551" level="INFO">${logan} = &lt;Response [200]&gt;</msg>
<status status="PASS" starttime="20210906 21:06:02.229" endtime="20210906 21:06:02.551"/>
</kw>
<kw name="Set Variable" library="BuiltIn">
<var>${logan_id}</var>
<arg>${logan.json()}[_id]</arg>
<doc>Returns the given values which can then be assigned to a variables.</doc>
<msg timestamp="20210906 21:06:02.554" level="INFO">${logan_id} = 6136aceaee284200167b3731</msg>
<status status="PASS" starttime="20210906 21:06:02.553" endtime="20210906 21:06:02.554"/>
</kw>
<kw name="GET Character By Id" library="Characters">
<var>${response}</var>
<arg>${logan_id}</arg>
<kw name="GET" library="RequestsLibrary">
<var>${response}</var>
<arg>${API_URL}/characters/${character_id}</arg>
<arg>headers=${HEADERS}</arg>
<arg>expected_status=any</arg>
<doc>Sends a GET request.</doc>
<msg timestamp="20210906 21:06:02.906" level="INFO">GET Request : url=http://marvel.qaninja.academy/characters/6136aceaee284200167b3731 
 path_url=/characters/6136aceaee284200167b3731 
 headers={'User-Agent': 'python-requests/2.26.0', 'Accept-Encoding': 'gzip, deflate', 'Accept': '*/*', 'Connection': 'keep-alive', 'client_key': '612fc0d127a9d447546776e4'} 
 body=None 
 </msg>
<msg timestamp="20210906 21:06:02.906" level="INFO">GET Response : url=http://marvel.qaninja.academy/characters/6136aceaee284200167b3731 
 status=200, reason=OK 
 headers={'Server': 'Cowboy', 'Connection': 'keep-alive', 'X-Powered-By': 'Express', 'Access-Control-Allow-Origin': '*', 'Content-Type': 'application/json; charset=utf-8', 'Content-Length': '145', 'Etag': 'W/"91-/0ePuTMmAyLasIOx2jwju3lZOrE"', 'Date': 'Tue, 07 Sep 2021 00:06:03 GMT', 'Via': '1.1 vegur'} 
 body={"_id":"6136aceaee284200167b3731","name":"Logan","age":100,"aliases":"Wolverine","team":"X-men","active":true,"owner":"612fc0d127a9d447546776e4"} 
 </msg>
<msg timestamp="20210906 21:06:02.906" level="INFO">${response} = &lt;Response [200]&gt;</msg>
<status status="PASS" starttime="20210906 21:06:02.557" endtime="20210906 21:06:02.906"/>
</kw>
<msg timestamp="20210906 21:06:02.907" level="INFO">${response} = &lt;Response [200]&gt;</msg>
<status status="PASS" starttime="20210906 21:06:02.556" endtime="20210906 21:06:02.907"/>
</kw>
<kw name="Status Should Be" library="RequestsLibrary">
<arg>200</arg>
<arg>${response}</arg>
<doc>Fails if response status code is different than the expected.</doc>
<status status="PASS" starttime="20210906 21:06:02.909" endtime="20210906 21:06:02.910"/>
</kw>
<kw name="Should Be Equal" library="BuiltIn">
<arg>${logan.json()}[name]</arg>
<arg>${personagem}[name]</arg>
<doc>Fails if the given objects are unequal.</doc>
<status status="PASS" starttime="20210906 21:06:02.911" endtime="20210906 21:06:02.911"/>
</kw>
<kw name="Should Be Equal" library="BuiltIn">
<arg>${logan.json()}[aliases]</arg>
<arg>${personagem}[aliases]</arg>
<doc>Fails if the given objects are unequal.</doc>
<status status="PASS" starttime="20210906 21:06:02.912" endtime="20210906 21:06:02.913"/>
</kw>
<kw name="Should Be Equal" library="BuiltIn">
<arg>${logan.json()}[age]</arg>
<arg>${personagem}[age]</arg>
<doc>Fails if the given objects are unequal.</doc>
<status status="PASS" starttime="20210906 21:06:02.914" endtime="20210906 21:06:02.914"/>
</kw>
<kw name="Should Be Equal" library="BuiltIn">
<arg>${logan.json()}[team]</arg>
<arg>${personagem}[team]</arg>
<doc>Fails if the given objects are unequal.</doc>
<status status="PASS" starttime="20210906 21:06:02.915" endtime="20210906 21:06:02.916"/>
</kw>
<kw name="Should Be Equal" library="BuiltIn">
<arg>${logan.json()}[active]</arg>
<arg>${personagem}[active]</arg>
<doc>Fails if the given objects are unequal.</doc>
<status status="PASS" starttime="20210906 21:06:02.917" endtime="20210906 21:06:02.919"/>
</kw>
<status status="PASS" starttime="20210906 21:06:02.224" endtime="20210906 21:06:02.922"/>
</test>
<test id="s1-s3-t2" name="Personagem não encontrado">
<kw name="Get Unique Id" library="Helpers">
<var>${personagem_id}</var>
<msg timestamp="20210906 21:06:02.929" level="INFO">${personagem_id} = 6136aceaff74ca34d0f5fb83</msg>
<status status="PASS" starttime="20210906 21:06:02.928" endtime="20210906 21:06:02.929"/>
</kw>
<kw name="GET Character By Id" library="Characters">
<var>${response}</var>
<arg>${personagem_id}</arg>
<kw name="GET" library="RequestsLibrary">
<var>${response}</var>
<arg>${API_URL}/characters/${character_id}</arg>
<arg>headers=${HEADERS}</arg>
<arg>expected_status=any</arg>
<doc>Sends a GET request.</doc>
<msg timestamp="20210906 21:06:03.250" level="INFO">GET Request : url=http://marvel.qaninja.academy/characters/6136aceaff74ca34d0f5fb83 
 path_url=/characters/6136aceaff74ca34d0f5fb83 
 headers={'User-Agent': 'python-requests/2.26.0', 'Accept-Encoding': 'gzip, deflate', 'Accept': '*/*', 'Connection': 'keep-alive', 'client_key': '612fc0d127a9d447546776e4'} 
 body=None 
 </msg>
<msg timestamp="20210906 21:06:03.251" level="INFO">GET Response : url=http://marvel.qaninja.academy/characters/6136aceaff74ca34d0f5fb83 
 status=404, reason=Not Found 
 headers={'Server': 'Cowboy', 'Connection': 'keep-alive', 'X-Powered-By': 'Express', 'Access-Control-Allow-Origin': '*', 'Date': 'Tue, 07 Sep 2021 00:06:03 GMT', 'Content-Length': '0', 'Via': '1.1 vegur'} 
 body=None 
 </msg>
<msg timestamp="20210906 21:06:03.251" level="INFO">${response} = &lt;Response [404]&gt;</msg>
<status status="PASS" starttime="20210906 21:06:02.933" endtime="20210906 21:06:03.251"/>
</kw>
<msg timestamp="20210906 21:06:03.254" level="INFO">${response} = &lt;Response [404]&gt;</msg>
<status status="PASS" starttime="20210906 21:06:02.932" endtime="20210906 21:06:03.254"/>
</kw>
<kw name="Status Should Be" library="RequestsLibrary">
<arg>404</arg>
<arg>${response}</arg>
<doc>Fails if response status code is different than the expected.</doc>
<status status="PASS" starttime="20210906 21:06:03.256" endtime="20210906 21:06:03.257"/>
</kw>
<status status="PASS" starttime="20210906 21:06:02.928" endtime="20210906 21:06:03.257"/>
</test>
<doc>Suite de Teste de busca de personagens na API da Marvel</doc>
<status status="PASS" starttime="20210906 21:06:01.580" endtime="20210906 21:06:03.263"/>
</suite>
<status status="PASS" starttime="20210906 21:05:57.326" endtime="20210906 21:06:03.274"/>
</suite>
<statistics>
<total>
<stat pass="6" fail="0" skip="0">All Tests</stat>
</total>
<tag>
<stat pass="1" fail="0" skip="0">dup</stat>
</tag>
<suite>
<stat pass="6" fail="0" skip="0" id="s1" name="Specs">Specs</stat>
<stat pass="2" fail="0" skip="0" id="s1-s1" name="CreateCharacters">Specs.CreateCharacters</stat>
<stat pass="2" fail="0" skip="0" id="s1-s2" name="RemoveCharacters">Specs.RemoveCharacters</stat>
<stat pass="2" fail="0" skip="0" id="s1-s3" name="SearchCharacters">Specs.SearchCharacters</stat>
</suite>
</statistics>
<errors>
</errors>
</robot>
